\BOOKMARK [1][-]{section.1}{Introduction}{}% 1
\BOOKMARK [2][-]{subsection.1.1}{Description du Projet}{section.1}% 2
\BOOKMARK [2][-]{subsection.1.2}{Fonctionnement du Jeu d'\311chec}{section.1}% 3
\BOOKMARK [3][-]{subsubsection.1.2.1}{R\350gles du Jeu}{subsection.1.2}% 4
\BOOKMARK [3][-]{subsubsection.1.2.2}{Les Pi\350ces}{subsection.1.2}% 5
\BOOKMARK [2][-]{subsection.1.3}{Les Modes de Jeu}{section.1}% 6
\BOOKMARK [3][-]{subsubsection.1.3.1}{Classique}{subsection.1.3}% 7
\BOOKMARK [3][-]{subsubsection.1.3.2}{Alice Chess}{subsection.1.3}% 8
\BOOKMARK [3][-]{subsubsection.1.3.3}{Dark Chess}{subsection.1.3}% 9
\BOOKMARK [3][-]{subsubsection.1.3.4}{Horde Chess}{subsection.1.3}% 10
\BOOKMARK [2][-]{subsection.1.4}{Fonctionnalit\351s pour Utilisateur Enregistr\351 et Utilisateur Non-Enregistr\351}{section.1}% 11
\BOOKMARK [2][-]{subsection.1.5}{Fonctionnalit\351s pour Utilisateur Enregistr\351}{section.1}% 12
\BOOKMARK [2][-]{subsection.1.6}{Glossaire}{section.1}% 13
\BOOKMARK [2][-]{subsection.1.7}{Historique des Modifications}{section.1}% 14
\BOOKMARK [1][-]{section.2}{Besoins Utilisateurs : Fonctionnels}{}% 15
\BOOKMARK [2][-]{subsection.2.1}{Connexion}{section.2}% 16
\BOOKMARK [3][-]{subsubsection.2.1.1}{S'identifier}{subsection.2.1}% 17
\BOOKMARK [3][-]{subsubsection.2.1.2}{Cr\351er un Compte}{subsection.2.1}% 18
\BOOKMARK [2][-]{subsection.2.2}{Menu Principal}{section.2}% 19
\BOOKMARK [3][-]{subsubsection.2.2.1}{Jouer}{subsection.2.2}% 20
\BOOKMARK [3][-]{subsubsection.2.2.2}{Voir les Statistiques Personnelles}{subsection.2.2}% 21
\BOOKMARK [3][-]{subsubsection.2.2.3}{Voir le Classement}{subsection.2.2}% 22
\BOOKMARK [3][-]{subsubsection.2.2.4}{Voir sa Liste d'Amis}{subsection.2.2}% 23
\BOOKMARK [2][-]{subsection.2.3}{Durant une Partie}{section.2}% 24
\BOOKMARK [3][-]{subsubsection.2.3.1}{Avancer une Pi\350ce}{subsection.2.3}% 25
\BOOKMARK [3][-]{subsubsection.2.3.2}{Discuter dans le Chat}{subsection.2.3}% 26
\BOOKMARK [3][-]{subsubsection.2.3.3}{D\351clarer Forfait}{subsection.2.3}% 27
\BOOKMARK [1][-]{section.3}{Besoins Utilisateurs : Non-Fonctionnels}{}% 28
\BOOKMARK [1][-]{section.4}{Besoins Syst\350mes : Fonctionnels}{}% 29
\BOOKMARK [2][-]{subsection.4.1}{Connexion au Serveur}{section.4}% 30
\BOOKMARK [2][-]{subsection.4.2}{Enregistrement d'un Nouveau Compte}{section.4}% 31
\BOOKMARK [2][-]{subsection.4.3}{Cr\351ation d'une Partie}{section.4}% 32
\BOOKMARK [2][-]{subsection.4.4}{Voir les Statistiques Personnelles}{section.4}% 33
\BOOKMARK [2][-]{subsection.4.5}{Voir le Classement}{section.4}% 34
\BOOKMARK [2][-]{subsection.4.6}{Voir sa Liste d'Amis}{section.4}% 35
\BOOKMARK [2][-]{subsection.4.7}{Envoi de Messages}{section.4}% 36
\BOOKMARK [2][-]{subsection.4.8}{Gestion d'une Partie}{section.4}% 37
\BOOKMARK [3][-]{subsubsection.4.8.1}{Premier \340 Jouer}{subsection.4.8}% 38
\BOOKMARK [3][-]{subsubsection.4.8.2}{D\351placer une Pi\350ce}{subsection.4.8}% 39
\BOOKMARK [3][-]{subsubsection.4.8.3}{Promotion}{subsection.4.8}% 40
\BOOKMARK [3][-]{subsubsection.4.8.4}{Roque}{subsection.4.8}% 41
\BOOKMARK [3][-]{subsubsection.4.8.5}{D\351roulement de la Partie}{subsection.4.8}% 42
\BOOKMARK [3][-]{subsubsection.4.8.6}{Fin de la Partie}{subsection.4.8}% 43
\BOOKMARK [1][-]{section.5}{Besoins Syst\350mes : Non-Fonctionnels}{}% 44
\BOOKMARK [2][-]{subsection.5.1}{Syst\350me d'Exploitation}{section.5}% 45
\BOOKMARK [2][-]{subsection.5.2}{R\351seau}{section.5}% 46
\BOOKMARK [2][-]{subsection.5.3}{Mise \340 Jour des Diff\351rentes Fonctionnalit\351s}{section.5}% 47
\BOOKMARK [1][-]{section.6}{Design du Syst\350me}{}% 48
\BOOKMARK [2][-]{subsection.6.1}{Diagrammes de Classes}{section.6}% 49
\BOOKMARK [3][-]{subsubsection.6.1.1}{Les Diff\351rentes Pi\350ces}{subsection.6.1}% 50
\BOOKMARK [3][-]{subsubsection.6.1.2}{Coordinate}{subsection.6.1}% 51
\BOOKMARK [3][-]{subsubsection.6.1.3}{Les Diff\351rents Modes De Jeu}{subsection.6.1}% 52
\BOOKMARK [3][-]{subsubsection.6.1.4}{Player}{subsection.6.1}% 53
\BOOKMARK [3][-]{subsubsection.6.1.5}{Board}{subsection.6.1}% 54
\BOOKMARK [2][-]{subsection.6.2}{Connexion du Joueur}{section.6}% 55
\BOOKMARK [2][-]{subsection.6.3}{Les Actions du Joueur}{section.6}% 56
\BOOKMARK [2][-]{subsection.6.4}{Client-Serveur}{section.6}% 57
\BOOKMARK [2][-]{subsection.6.5}{D\351roulement d'une partie}{section.6}% 58
\BOOKMARK [2][-]{subsection.6.6}{Menu}{section.6}% 59
\BOOKMARK [1][-]{section.7}{Annexe}{}% 60
